<?xml version="1.0" encoding="UTF-8"?>
<!-- Generated by org.testng.reporters.JUnitReportReporter -->
<testsuite hostname="IN-PG02NKK7" failures="0" tests="1" name="blazedemo.testcases.passenger_detail_test" time="6.171" errors="0" timestamp="21 Jul 2023 10:04:41 GMT" skipped="0">
  <testcase classname="blazedemo.testcases.passenger_detail_test" name="negativepassenger_detail_test_test" time="6.171"/>
</testsuite> <!-- blazedemo.testcases.passenger_detail_test -->
