<?xml version="1.0" encoding="UTF-8"?>
<!-- Generated by org.testng.reporters.JUnitReportReporter -->
<testsuite hostname="IN-PG02NKK7" failures="0" tests="1" name="blazedemo.testcases.choose_flight_test" time="4.824" errors="0" timestamp="21 Jul 2023 10:04:41 GMT" skipped="0">
  <testcase classname="blazedemo.testcases.choose_flight_test" name="chooseFlightTest" time="4.824"/>
</testsuite> <!-- blazedemo.testcases.choose_flight_test -->
