<?xml version="1.0" encoding="UTF-8"?>
<!-- Generated by org.testng.reporters.JUnitReportReporter -->
<testsuite hostname="IN-PG02NKK7" failures="0" tests="1" name="blazedemo.testcases.negative_test" time="12.348" errors="0" timestamp="21 Jul 2023 10:04:41 GMT" skipped="0">
  <testcase classname="blazedemo.testcases.negative_test" name="negative_test_test" time="12.348"/>
</testsuite> <!-- blazedemo.testcases.negative_test -->
